<?xml version="1.0" encoding="UTF-8"?>
<!-- Generated by org.testng.reporters.JUnitReportReporter -->
<testsuite hostname="IMPETUS-I0137" name="test.NewTest" tests="1" failures="0" timestamp="21 Sep 2020 04:39:45 GMT" time="9.523" errors="0">
  <testcase name="openBrowser" time="9.523" classname="test.NewTest"/>
</testsuite> <!-- test.NewTest -->
