<?xml version="1.0" encoding="UTF-8"?>
<!-- Generated by org.testng.reporters.JUnitReportReporter -->
<testsuite skipped="0" hostname="IMPETUS-I0137" name="test.NewTest" tests="1" failures="0" timestamp="12 Sep 2020 12:47:28 GMT" time="11.397" errors="0">
  <testcase name="openBrowser" time="11.397" classname="test.NewTest"/>
</testsuite> <!-- test.NewTest -->
